<?xml version="1.0" encoding="utf-8"?><testsuites name="pytest tests"><testsuite name="pytest" errors="0" failures="0" skipped="0" tests="17" time="7.165" timestamp="2026-07-19T13:00:00.329431+00:00" hostname="agent-env-8cd21b1c-cc36-4723-923e-a26ce8018ba0"><testcase classname="tests.backend_test.TestAuth" name="test_login_wrong_password" time="0.766" /><testcase classname="tests.backend_test.TestPublic" name="test_root" time="0.765" /><testcase classname="tests.backend_test.TestPublic" name="test_list_aus_approved_only" time="0.067" /><testcase classname="tests.backend_test.TestAuth" name="test_me_no_token" time="0.284" /><testcase classname="tests.backend_test.TestPublic" name="test_get_au_single" time="0.103" /><testcase classname="tests.backend_test.TestPublic" name="test_get_au_404" time="0.061" /><testcase classname="tests.backend_test.TestPublic" name="test_variety_list" time="0.079" /><testcase classname="tests.backend_test.TestPublic" name="test_like_au_increments" time="0.631" /><testcase classname="tests.backend_test.TestAuth" name="test_me_valid_token" time="1.250" /><testcase classname="tests.backend_test.TestPublic" name="test_like_nonexistent" time="0.055" /><testcase classname="tests.backend_test.TestAdminModeration" name="test_full_moderation_flow" time="1.680" /><testcase classname="tests.backend_test.TestAuth" name="test_admin_endpoint_requires_auth" time="0.357" /><testcase classname="tests.backend_test.TestSubmissions" name="test_submit_au_pending_hidden" time="0.168" /><testcase classname="tests.backend_test.TestSubmissions" name="test_comment_pending_hidden" time="0.256" /><testcase classname="tests.backend_test.TestSubmissions" name="test_comment_on_nonexistent" time="0.087" /><testcase classname="tests.backend_test.TestAdminModeration" name="test_invalid_status" time="0.363" /><testcase classname="tests.backend_test.TestAdminModeration" name="test_comment_moderation_flow" time="0.634" /></testsuite></testsuites>